<?xml version="1.0" encoding="UTF-8"?>
<!-- Generated by org.testng.reporters.JUnitReportReporter -->
<testsuite hostname="LAPTOP-I3J63G49" failures="0" tests="2" name="org.asd.annotation" time="0.016" errors="0" timestamp="2025-01-19T10:41:25 IST" skipped="0">
  <testcase classname="org.asd.annotation" name="test2" time="0.003"/>
  <system-out/>
  <testcase classname="org.asd.annotation" name="test1" time="0.013"/>
  <system-out/>
</testsuite> <!-- org.asd.annotation -->
