<?xml version="1.0" encoding="UTF-8"?>
<!-- Generated by org.testng.reporters.JUnitReportReporter -->
<testsuite hostname="LAPTOP-I3J63G49" failures="0" tests="2" name="org.asd.parametertwo" time="0.013" errors="0" timestamp="2025-01-19T21:58:42 IST" skipped="0">
  <testcase classname="org.asd.parametertwo" name="details" time="0.010"/>
  <system-out/>
  <testcase classname="org.asd.parametertwo" name="f" time="0.003"/>
  <system-out/>
</testsuite> <!-- org.asd.parametertwo -->
