<?xml version="1.0" encoding="UTF-8"?>
<!-- Generated by org.testng.reporters.JUnitReportReporter -->
<testsuite hostname="LAPTOP-I3J63G49" failures="0" tests="4" name="org.asd.PrioritizingTest" time="0.015" errors="0" timestamp="2025-01-19T12:08:52 IST" skipped="0">
  <testcase classname="org.asd.PrioritizingTest" name="testA" time="0.010"/>
  <system-out/>
  <testcase classname="org.asd.PrioritizingTest" name="testNegative" time="0.002"/>
  <system-out/>
  <testcase classname="org.asd.PrioritizingTest" name="testB" time="0.002"/>
  <system-out/>
  <testcase classname="org.asd.PrioritizingTest" name="testC" time="0.001"/>
  <system-out/>
</testsuite> <!-- org.asd.PrioritizingTest -->
