<?xml version="1.0" encoding="UTF-8"?>
<!-- Generated by org.testng.reporters.JUnitReportReporter -->
<testsuite hostname="LAPTOP-I3J63G49" failures="0" tests="2" name="org.asd.Challengetestng1" time="0.011" errors="0" timestamp="2025-01-18T23:32:38 IST" skipped="0">
  <testcase classname="org.asd.Challengetestng1" name="tc1" time="0.009"/>
  <system-out/>
  <testcase classname="org.asd.Challengetestng1" name="tc9" time="0.002"/>
  <system-out/>
</testsuite> <!-- org.asd.Challengetestng1 -->
