<?xml version="1.0" encoding="UTF-8"?>
<!-- Generated by org.testng.reporters.JUnitReportReporter -->
<testsuite hostname="LAPTOP-I3J63G49" failures="0" tests="1" name="org.asd.testngflow" time="0.013" errors="0" timestamp="2025-01-22T22:57:10 IST" skipped="0">
  <testcase classname="org.asd.testngflow" name="test" time="0.013"/>
  <system-out/>
</testsuite> <!-- org.asd.testngflow -->
