<?xml version="1.0" encoding="UTF-8"?>
<!-- Generated by org.testng.reporters.JUnitReportReporter -->
<testsuite hostname="LAPTOP-I3J63G49" failures="0" tests="5" name="org.asd.Grouping" time="0.005" errors="0" timestamp="2025-01-22T07:37:07 IST" skipped="0">
  <testcase classname="org.asd.Grouping" name="testRemoveFromCart" time="0.001"/>
  <system-out/>
  <testcase classname="org.asd.Grouping" name="testAddToCart" time="0.002"/>
  <system-out/>
  <testcase classname="org.asd.Grouping" name="testInvalidLogin" time="0.001"/>
  <system-out/>
  <testcase classname="org.asd.Grouping" name="testValidLogin" time="0.001"/>
  <system-out/>
  <testcase classname="org.asd.Grouping" name="testCheckoutProcess" time="0.000"/>
  <system-out/>
</testsuite> <!-- org.asd.Grouping -->
