<?xml version="1.0" encoding="UTF-8"?>
<!-- Generated by org.testng.reporters.JUnitReportReporter -->
<testsuite hostname="LAPTOP-I3J63G49" failures="0" tests="3" name="org.asd.skiptestcase" time="0.020" errors="0" timestamp="2025-01-19T17:27:04 IST" skipped="1">
  <testcase classname="org.asd.skiptestcase" name="test1" time="0.018"/>
  <system-out/>
  <testcase classname="org.asd.skiptestcase" name="test2" time="0.002"/>
  <system-out/>
  <testcase classname="org.asd.skiptestcase" name="testNegative">
    <skipped/>
  </testcase> <!-- testNegative -->
  <system-out/>
</testsuite> <!-- org.asd.skiptestcase -->
