<?xml version="1.0" encoding="UTF-8"?>
<!-- Generated by org.testng.reporters.JUnitReportReporter -->
<testsuite hostname="LAPTOP-I3J63G49" failures="0" tests="4" name="org.asd.DependsonMethods" time="0.019" errors="0" timestamp="2025-01-25T21:24:51 IST" skipped="0">
  <testcase classname="org.asd.DependsonMethods" name="accessDashboard" time="0.001"/>
  <system-out/>
  <testcase classname="org.asd.DependsonMethods" name="logout" time="0.001"/>
  <system-out/>
  <testcase classname="org.asd.DependsonMethods" name="login" time="0.016"/>
  <system-out/>
  <testcase classname="org.asd.DependsonMethods" name="testNegative" time="0.001"/>
  <system-out/>
</testsuite> <!-- org.asd.DependsonMethods -->
