<?xml version="1.0" encoding="UTF-8"?>
<!-- Generated by org.testng.reporters.JUnitReportReporter -->
<testsuite hostname="LAPTOP-I3J63G49" failures="0" tests="5" name="org.asd.group" time="0.005" errors="0" timestamp="2025-01-22T07:37:07 IST" skipped="0">
  <testcase classname="org.asd.group" name="testCheckoutProcess" time="0.001"/>
  <system-out/>
  <testcase classname="org.asd.group" name="testInvalidLogin" time="0.001"/>
  <system-out/>
  <testcase classname="org.asd.group" name="testAddToCart" time="0.001"/>
  <system-out/>
  <testcase classname="org.asd.group" name="testRemoveFromCart" time="0.001"/>
  <system-out/>
  <testcase classname="org.asd.group" name="f" time="0.001"/>
  <system-out/>
</testsuite> <!-- org.asd.group -->
