<?xml version="1.0" encoding="UTF-8"?>
<!-- Generated by org.testng.reporters.JUnitReportReporter -->
<testsuite hostname="LAPTOP-I3J63G49" failures="0" tests="1" name="NewTest1" time="0.010" errors="0" timestamp="2025-01-19T10:12:38 IST" skipped="0">
  <testcase classname="NewTest1" name="mytest" time="0.010"/>
  <system-out/>
</testsuite> <!-- NewTest1 -->
