<?xml version="1.0" encoding="UTF-8"?>
<!-- Generated by org.testng.reporters.JUnitReportReporter -->
<testsuite hostname="LAPTOP-I3J63G49" failures="0" tests="2" name="org.asd.paralleltesttwo" time="0.025" errors="0" timestamp="2025-01-19T15:35:41 IST" skipped="0">
  <testcase classname="org.asd.paralleltesttwo" name="testMethod1" time="0.022"/>
  <system-out/>
  <testcase classname="org.asd.paralleltesttwo" name="testMethod2" time="0.003"/>
  <system-out/>
</testsuite> <!-- org.asd.paralleltesttwo -->
